<?xml version="1.0" encoding="UTF-8"?>
<!-- Generated by org.testng.reporters.JUnitReportReporter -->
<testsuite hostname="DESKTOP-JAJ160I" failures="0" tests="1" name="com.Mar.end.OpenWeb" time="110.051" errors="0" timestamp="2022-03-21T14:05:53 IST" skipped="0">
  <testcase classname="com.Mar.end.OpenWeb" name="MYweb" time="110.051"/>
  <system-out/>
</testsuite> <!-- com.Mar.end.OpenWeb -->
