<?xml version="1.0" encoding="UTF-8"?>
<!-- Generated by org.testng.reporters.JUnitReportReporter -->
<testsuite hostname="DESKTOP-JAJ160I" failures="0" tests="1" name="TESTVagrant.Verify_Date_Country_Test" time="81.983" errors="0" timestamp="2022-05-08T14:57:07 IST" skipped="0">
  <testcase classname="TESTVagrant.Verify_Date_Country_Test" name="CompareDate_Country" time="81.983"/>
  <system-out/>
</testsuite> <!-- TESTVagrant.Verify_Date_Country_Test -->
