<?xml version="1.0" encoding="UTF-8"?>
<!-- Generated by org.testng.reporters.JUnitReportReporter -->
<testsuite hostname="DESKTOP-JAJ160I" failures="0" tests="1" name="TESTVagrant.PuspaIMDTest" time="41.221" errors="0" timestamp="2022-05-08T13:08:06 IST" skipped="0">
  <testcase classname="TESTVagrant.PuspaIMDTest" name="CompareDate_Country" time="41.221"/>
  <system-out/>
</testsuite> <!-- TESTVagrant.PuspaIMDTest -->
