<?xml version="1.0" encoding="UTF-8"?>
<!-- Generated by org.testng.reporters.JUnitReportReporter -->
<testsuite hostname="DESKTOP-JAJ160I" failures="0" tests="1" name="com.Mar.end.AppTest" time="0.025" errors="0" timestamp="2022-03-21T13:20:11 IST" skipped="0">
  <testcase classname="com.Mar.end.AppTest" name="shouldAnswerWithTrue" time="0.025"/>
  <system-out/>
</testsuite> <!-- com.Mar.end.AppTest -->
